0 info it worked if it ends with ok
1 verbose cli [ 'node', '/usr/local/bin/npm', 'install', 'jscolor', '--save' ]
2 info using npm@1.4.28
3 info using node@v0.10.36
4 verbose readDependencies using package.json deps
5 verbose cache add [ 'jscolor', null ]
6 verbose cache add name=undefined spec="jscolor" args=["jscolor",null]
7 verbose parsed url { protocol: null,
7 verbose parsed url   slashes: null,
7 verbose parsed url   auth: null,
7 verbose parsed url   host: null,
7 verbose parsed url   port: null,
7 verbose parsed url   hostname: null,
7 verbose parsed url   hash: null,
7 verbose parsed url   search: null,
7 verbose parsed url   query: null,
7 verbose parsed url   pathname: 'jscolor',
7 verbose parsed url   path: 'jscolor',
7 verbose parsed url   href: 'jscolor' }
8 silly lockFile 8c06e3a4-jscolor jscolor
9 verbose lock jscolor /Users/ashleyfuckingcortez/.npm/8c06e3a4-jscolor.lock
10 silly lockFile 8c06e3a4-jscolor jscolor
11 silly lockFile 8c06e3a4-jscolor jscolor
12 verbose addNamed [ 'jscolor', '' ]
13 verbose addNamed [ null, '*' ]
14 silly lockFile 2a64e3a0-jscolor jscolor@
15 verbose lock jscolor@ /Users/ashleyfuckingcortez/.npm/2a64e3a0-jscolor.lock
16 silly addNameRange { name: 'jscolor', range: '*', hasData: false }
17 verbose request where is /jscolor
18 verbose request registry https://registry.npmjs.org/
19 verbose request id 04c3e19c52588299
20 verbose url raw /jscolor
21 verbose url resolving [ 'https://registry.npmjs.org/', './jscolor' ]
22 verbose url resolved https://registry.npmjs.org/jscolor
23 verbose request where is https://registry.npmjs.org/jscolor
24 info trying registry request attempt 1 at 13:47:11
25 http GET https://registry.npmjs.org/jscolor
26 http 404 https://registry.npmjs.org/jscolor
27 silly registry.get cb [ 404,
27 silly registry.get   { 'content-type': 'application/json',
27 silly registry.get     'cache-control': 'max-age=0',
27 silly registry.get     'content-length': '2',
27 silly registry.get     'accept-ranges': 'bytes',
27 silly registry.get     date: 'Thu, 05 Nov 2015 18:47:11 GMT',
27 silly registry.get     via: '1.1 varnish',
27 silly registry.get     age: '0',
27 silly registry.get     connection: 'keep-alive',
27 silly registry.get     'x-served-by': 'cache-atl6220-ATL',
27 silly registry.get     'x-cache': 'MISS',
27 silly registry.get     'x-cache-hits': '0',
27 silly registry.get     'x-timer': 'S1446749231.965309,VS0,VE29' } ]
28 silly lockFile 2a64e3a0-jscolor jscolor@
29 silly lockFile 2a64e3a0-jscolor jscolor@
30 error 404 Not Found
30 error 404
30 error 404 'jscolor' is not in the npm registry.
30 error 404 You should bug the author to publish it
30 error 404 It was specified as a dependency of 'node-express-api-boilerplate'
30 error 404
30 error 404 Note that you can also install from a
30 error 404 tarball, folder, or http url, or git url.
31 error System Darwin 14.5.0
32 error command "node" "/usr/local/bin/npm" "install" "jscolor" "--save"
33 error cwd /Users/ashleyfuckingcortez/Desktop/designing-for-data-personalitization/class-example-itp-directory-master-AC
34 error node -v v0.10.36
35 error npm -v 1.4.28
36 error code E404
37 verbose exit [ 1, true ]
